  Main.cpp
C:\Program Files (x86)\Windows Kits\10\Include\10.0.19041.0\shared\minwindef.h(130,1): warning C4005: 'APIENTRY': macro redefinition
C:\Users\swynn\Desktop\LearnOpenGL\LearnOpenGL\OpenGL\ThirdPartyLibs\Includes\glad\glad.h(32): message : see previous definition of 'APIENTRY'
C:\Users\swynn\Desktop\LearnOpenGL\LearnOpenGL\LearnOpenGL\Main.cpp(275,22): warning C4244: 'initializing': conversion from 'double' to 'float', possible loss of data
C:\Users\swynn\Desktop\LearnOpenGL\LearnOpenGL\LearnOpenGL\Main.cpp(294,78): warning C4244: 'argument': conversion from 'float' to 'GLint', possible loss of data
C:\Users\swynn\Desktop\LearnOpenGL\LearnOpenGL\LearnOpenGL\Main.cpp(343,47): warning C4244: '=': conversion from 'double' to 'T', possible loss of data
          with
          [
              T=float
          ]
C:\Users\swynn\Desktop\LearnOpenGL\LearnOpenGL\LearnOpenGL\Main.cpp(345,47): warning C4244: '=': conversion from 'double' to 'T', possible loss of data
          with
          [
              T=float
          ]
C:\Users\swynn\Desktop\LearnOpenGL\LearnOpenGL\LearnOpenGL\Main.cpp(426,11): warning C4244: '=': conversion from 'double' to 'float', possible loss of data
C:\Users\swynn\Desktop\LearnOpenGL\LearnOpenGL\LearnOpenGL\Main.cpp(427,11): warning C4244: '=': conversion from 'double' to 'float', possible loss of data
C:\Users\swynn\Desktop\LearnOpenGL\LearnOpenGL\LearnOpenGL\Main.cpp(430,16): warning C4244: 'initializing': conversion from 'double' to 'float', possible loss of data
C:\Users\swynn\Desktop\LearnOpenGL\LearnOpenGL\LearnOpenGL\Main.cpp(431,16): warning C4244: 'initializing': conversion from 'double' to 'float', possible loss of data
C:\Users\swynn\Desktop\LearnOpenGL\LearnOpenGL\LearnOpenGL\Main.cpp(432,10): warning C4244: '=': conversion from 'double' to 'float', possible loss of data
C:\Users\swynn\Desktop\LearnOpenGL\LearnOpenGL\LearnOpenGL\Main.cpp(433,10): warning C4244: '=': conversion from 'double' to 'float', possible loss of data
C:\Users\swynn\Desktop\LearnOpenGL\LearnOpenGL\LearnOpenGL\Main.cpp(440,28): warning C4244: 'argument': conversion from 'double' to 'float', possible loss of data
glfw3.lib(context.obj) : warning LNK4099: PDB 'glfw.pdb' was not found with 'glfw3.lib(context.obj)' or at 'C:\Users\swynn\Desktop\LearnOpenGL\LearnOpenGL\x64\Debug\glfw.pdb'; linking object as if no debug info
glfw3.lib(init.obj) : warning LNK4099: PDB 'glfw.pdb' was not found with 'glfw3.lib(init.obj)' or at 'C:\Users\swynn\Desktop\LearnOpenGL\LearnOpenGL\x64\Debug\glfw.pdb'; linking object as if no debug info
glfw3.lib(input.obj) : warning LNK4099: PDB 'glfw.pdb' was not found with 'glfw3.lib(input.obj)' or at 'C:\Users\swynn\Desktop\LearnOpenGL\LearnOpenGL\x64\Debug\glfw.pdb'; linking object as if no debug info
glfw3.lib(monitor.obj) : warning LNK4099: PDB 'glfw.pdb' was not found with 'glfw3.lib(monitor.obj)' or at 'C:\Users\swynn\Desktop\LearnOpenGL\LearnOpenGL\x64\Debug\glfw.pdb'; linking object as if no debug info
glfw3.lib(vulkan.obj) : warning LNK4099: PDB 'glfw.pdb' was not found with 'glfw3.lib(vulkan.obj)' or at 'C:\Users\swynn\Desktop\LearnOpenGL\LearnOpenGL\x64\Debug\glfw.pdb'; linking object as if no debug info
glfw3.lib(window.obj) : warning LNK4099: PDB 'glfw.pdb' was not found with 'glfw3.lib(window.obj)' or at 'C:\Users\swynn\Desktop\LearnOpenGL\LearnOpenGL\x64\Debug\glfw.pdb'; linking object as if no debug info
glfw3.lib(win32_init.obj) : warning LNK4099: PDB 'glfw.pdb' was not found with 'glfw3.lib(win32_init.obj)' or at 'C:\Users\swynn\Desktop\LearnOpenGL\LearnOpenGL\x64\Debug\glfw.pdb'; linking object as if no debug info
glfw3.lib(win32_joystick.obj) : warning LNK4099: PDB 'glfw.pdb' was not found with 'glfw3.lib(win32_joystick.obj)' or at 'C:\Users\swynn\Desktop\LearnOpenGL\LearnOpenGL\x64\Debug\glfw.pdb'; linking object as if no debug info
glfw3.lib(win32_monitor.obj) : warning LNK4099: PDB 'glfw.pdb' was not found with 'glfw3.lib(win32_monitor.obj)' or at 'C:\Users\swynn\Desktop\LearnOpenGL\LearnOpenGL\x64\Debug\glfw.pdb'; linking object as if no debug info
glfw3.lib(win32_time.obj) : warning LNK4099: PDB 'glfw.pdb' was not found with 'glfw3.lib(win32_time.obj)' or at 'C:\Users\swynn\Desktop\LearnOpenGL\LearnOpenGL\x64\Debug\glfw.pdb'; linking object as if no debug info
glfw3.lib(win32_thread.obj) : warning LNK4099: PDB 'glfw.pdb' was not found with 'glfw3.lib(win32_thread.obj)' or at 'C:\Users\swynn\Desktop\LearnOpenGL\LearnOpenGL\x64\Debug\glfw.pdb'; linking object as if no debug info
glfw3.lib(win32_window.obj) : warning LNK4099: PDB 'glfw.pdb' was not found with 'glfw3.lib(win32_window.obj)' or at 'C:\Users\swynn\Desktop\LearnOpenGL\LearnOpenGL\x64\Debug\glfw.pdb'; linking object as if no debug info
glfw3.lib(wgl_context.obj) : warning LNK4099: PDB 'glfw.pdb' was not found with 'glfw3.lib(wgl_context.obj)' or at 'C:\Users\swynn\Desktop\LearnOpenGL\LearnOpenGL\x64\Debug\glfw.pdb'; linking object as if no debug info
glfw3.lib(egl_context.obj) : warning LNK4099: PDB 'glfw.pdb' was not found with 'glfw3.lib(egl_context.obj)' or at 'C:\Users\swynn\Desktop\LearnOpenGL\LearnOpenGL\x64\Debug\glfw.pdb'; linking object as if no debug info
glfw3.lib(osmesa_context.obj) : warning LNK4099: PDB 'glfw.pdb' was not found with 'glfw3.lib(osmesa_context.obj)' or at 'C:\Users\swynn\Desktop\LearnOpenGL\LearnOpenGL\x64\Debug\glfw.pdb'; linking object as if no debug info
  LearnOpenGL.vcxproj -> C:\Users\swynn\Desktop\LearnOpenGL\LearnOpenGL\x64\Debug\LearnOpenGL.exe
